-encoding
UTF-8
-outxml
-source
7
-target
7
-classpath
F:\baiducloud\maven_repo\antlr\antlr\2.7.6\antlr-2.7.6.jar;F:\baiducloud\maven_repo\aopalliance\aopalliance\1.0\aopalliance-1.0.jar;F:\baiducloud\maven_repo\cglib\cglib-nodep\2.2.2\cglib-nodep-2.2.2.jar;F:\baiducloud\maven_repo\com\google\zxing\core\2.1\core-2.1.jar;F:\baiducloud\maven_repo\com\google\zxing\javase\2.1\javase-2.1.jar;F:\baiducloud\maven_repo\commons-beanutils\commons-beanutils\1.8.3\commons-beanutils-1.8.3.jar;F:\baiducloud\maven_repo\commons-codec\commons-codec\1.7\commons-codec-1.7.jar;F:\baiducloud\maven_repo\commons-collections\commons-collections\3.2.1\commons-collections-3.2.1.jar;F:\baiducloud\maven_repo\commons-dbcp\commons-dbcp\1.3\commons-dbcp-1.3.jar;F:\baiducloud\maven_repo\commons-digester\commons-digester\2.1\commons-digester-2.1.jar;F:\baiducloud\maven_repo\commons-fileupload\commons-fileupload\1.2.2\commons-fileupload-1.2.2.jar;F:\baiducloud\maven_repo\commons-io\commons-io\2.1\commons-io-2.1.jar;F:\baiducloud\maven_repo\commons-pool\commons-pool\1.5.6\commons-pool-1.5.6.jar;F:\baiducloud\maven_repo\dom4j\dom4j\1.6.1\dom4j-1.6.1.jar;F:\baiducloud\maven_repo\javassist\javassist\3.12.0.GA\javassist-3.12.0.GA.jar;F:\baiducloud\maven_repo\javax\el\el-api\1.0\el-api-1.0.jar;F:\baiducloud\maven_repo\javax\inject\javax.inject\1\javax.inject-1.jar;F:\baiducloud\maven_repo\javax\servlet\servlet-api\2.5\servlet-api-2.5.jar;F:\baiducloud\maven_repo\javax\servlet\jsp\jsp-api\2.1\jsp-api-2.1.jar;F:\baiducloud\maven_repo\javax\servlet\jsp\jstl\jstl-api\1.2\jstl-api-1.2.jar;F:\baiducloud\maven_repo\javax\transaction\jta\1.1\jta-1.1.jar;F:\baiducloud\maven_repo\javax\validation\validation-api\1.0.0.GA\validation-api-1.0.0.GA.jar;F:\baiducloud\maven_repo\joda-time\joda-time\1.6\joda-time-1.6.jar;F:\baiducloud\maven_repo\junit\junit\4.10\junit-4.10.jar;F:\baiducloud\maven_repo\junit\junit-dep\4.8.2\junit-dep-4.8.2.jar;F:\baiducloud\maven_repo\kaptcha\kaptcha\2.3.2\kaptcha-2.3.2.jar;F:\baiducloud\maven_repo\log4j\log4j\1.2.17\log4j-1.2.17.jar;F:\baiducloud\maven_repo\mysql\mysql-connector-java\5.1.18\mysql-connector-java-5.1.18.jar;F:\baiducloud\maven_repo\net\sf\flexjson\flexjson\2.1\flexjson-2.1.jar;F:\baiducloud\maven_repo\org\apache\commons\commons-lang3\3.1\commons-lang3-3.1.jar;F:\baiducloud\maven_repo\org\apache\tiles\tiles-api\2.2.2\tiles-api-2.2.2.jar;F:\baiducloud\maven_repo\org\apache\tiles\tiles-core\2.2.2\tiles-core-2.2.2.jar;F:\baiducloud\maven_repo\org\apache\tiles\tiles-jsp\2.2.2\tiles-jsp-2.2.2.jar;F:\baiducloud\maven_repo\org\apache\tiles\tiles-servlet\2.2.2\tiles-servlet-2.2.2.jar;F:\baiducloud\maven_repo\org\apache\tiles\tiles-template\2.2.2\tiles-template-2.2.2.jar;F:\baiducloud\maven_repo\org\aspectj\aspectjrt\1.7.0.RC1\aspectjrt-1.7.0.RC1.jar;F:\baiducloud\maven_repo\org\aspectj\aspectjweaver\1.7.0.RC1\aspectjweaver-1.7.0.RC1.jar;F:\baiducloud\maven_repo\org\directwebremoting\dwr\3.0.0-rc3-SNAPSHOT\dwr-3.0.0-rc3-SNAPSHOT.jar;F:\baiducloud\maven_repo\org\glassfish\web\jstl-impl\1.2\jstl-impl-1.2.jar;F:\baiducloud\maven_repo\org\hamcrest\hamcrest-core\1.1\hamcrest-core-1.1.jar;F:\baiducloud\maven_repo\org\hibernate\hibernate-commons-annotations\3.2.0.Final\hibernate-commons-annotations-3.2.0.Final.jar;F:\baiducloud\maven_repo\org\hibernate\hibernate-core\3.6.9.Final\hibernate-core-3.6.9.Final.jar;F:\baiducloud\maven_repo\org\hibernate\hibernate-entitymanager\3.6.9.Final\hibernate-entitymanager-3.6.9.Final.jar;F:\baiducloud\maven_repo\org\hibernate\hibernate-validator\4.2.0.Final\hibernate-validator-4.2.0.Final.jar;F:\baiducloud\maven_repo\org\hibernate\javax\persistence\hibernate-jpa-2.0-api\1.0.1.Final\hibernate-jpa-2.0-api-1.0.1.Final.jar;F:\baiducloud\maven_repo\org\slf4j\jcl-over-slf4j\1.7.2\jcl-over-slf4j-1.7.2.jar;F:\baiducloud\maven_repo\org\slf4j\slf4j-api\1.7.2\slf4j-api-1.7.2.jar;F:\baiducloud\maven_repo\org\slf4j\slf4j-log4j12\1.7.2\slf4j-log4j12-1.7.2.jar;F:\baiducloud\maven_repo\org\springframework\spring-aop\3.2.2.RELEASE\spring-aop-3.2.2.RELEASE.jar;F:\baiducloud\maven_repo\org\springframework\spring-aspects\3.2.2.RELEASE\spring-aspects-3.2.2.RELEASE.jar;F:\baiducloud\maven_repo\org\springframework\spring-beans\3.2.2.RELEASE\spring-beans-3.2.2.RELEASE.jar;F:\baiducloud\maven_repo\org\springframework\spring-context\3.2.2.RELEASE\spring-context-3.2.2.RELEASE.jar;F:\baiducloud\maven_repo\org\springframework\spring-context-support\3.2.2.RELEASE\spring-context-support-3.2.2.RELEASE.jar;F:\baiducloud\maven_repo\org\springframework\spring-core\3.2.2.RELEASE\spring-core-3.2.2.RELEASE.jar;F:\baiducloud\maven_repo\org\springframework\spring-expression\3.2.2.RELEASE\spring-expression-3.2.2.RELEASE.jar;F:\baiducloud\maven_repo\org\springframework\spring-jdbc\3.2.2.RELEASE\spring-jdbc-3.2.2.RELEASE.jar;F:\baiducloud\maven_repo\org\springframework\spring-orm\3.2.2.RELEASE\spring-orm-3.2.2.RELEASE.jar;F:\baiducloud\maven_repo\org\springframework\spring-test\3.2.2.RELEASE\spring-test-3.2.2.RELEASE.jar;F:\baiducloud\maven_repo\org\springframework\spring-tx\3.2.2.RELEASE\spring-tx-3.2.2.RELEASE.jar;F:\baiducloud\maven_repo\org\springframework\spring-web\3.2.2.RELEASE\spring-web-3.2.2.RELEASE.jar;F:\baiducloud\maven_repo\org\springframework\spring-webmvc\3.2.2.RELEASE\spring-webmvc-3.2.2.RELEASE.jar;F:\baiducloud\maven_repo\org\springframework\data\spring-data-commons-core\1.3.0.RELEASE\spring-data-commons-core-1.3.0.RELEASE.jar;F:\baiducloud\maven_repo\org\springframework\data\spring-data-jpa\1.1.0.RELEASE\spring-data-jpa-1.1.0.RELEASE.jar;F:\baiducloud\maven_repo\org\springframework\roo\org.springframework.roo.annotations\1.2.2.RELEASE\org.springframework.roo.annotations-1.2.2.RELEASE.jar;F:\baiducloud\maven_repo\org\springframework\security\spring-security-acl\3.1.4.RELEASE\spring-security-acl-3.1.4.RELEASE.jar;F:\baiducloud\maven_repo\org\springframework\security\spring-security-config\3.1.4.RELEASE\spring-security-config-3.1.4.RELEASE.jar;F:\baiducloud\maven_repo\org\springframework\security\spring-security-core\3.1.4.RELEASE\spring-security-core-3.1.4.RELEASE.jar;F:\baiducloud\maven_repo\org\springframework\security\spring-security-taglibs\3.1.4.RELEASE\spring-security-taglibs-3.1.4.RELEASE.jar;F:\baiducloud\maven_repo\org\springframework\security\spring-security-web\3.1.4.RELEASE\spring-security-web-3.1.4.RELEASE.jar;F:\baiducloud\maven_repo\org\springframework\webflow\spring-js-resources\2.2.1.RELEASE\spring-js-resources-2.2.1.RELEASE.jar;E:\Github\OrionisCms\OrionisCMS\target\classes
-aspectpath
F:\baiducloud\maven_repo\org\springframework\spring-aspects\3.2.2.RELEASE\spring-aspects-3.2.2.RELEASE.jar
-d
E:\Github\OrionisCms\OrionisCMS\target\classes
E:\Github\OrionisCms\OrionisCMS\src\main\java\name\orionis\cms\core\annotations\FormModule.java
E:\Github\OrionisCms\OrionisCMS\src\main\java\name\orionis\cms\extensions\demo\service\DemoServiceImpl.java
E:\Github\OrionisCms\OrionisCMS\src\main\java\name\orionis\cms\site\modules\package-info.java
E:\Github\OrionisCms\OrionisCMS\src\main\java\name\orionis\cms\extensions\demo\service\DemoService.java
E:\Github\OrionisCms\OrionisCMS\src\main\java\name\orionis\cms\utils\package-info.java
E:\Github\OrionisCms\OrionisCMS\src\main\java\name\orionis\cms\extensions\demo\web\DemoController.java
E:\Github\OrionisCms\OrionisCMS\src\main\java\name\orionis\cms\core\annotations\Module.java
E:\Github\OrionisCms\OrionisCMS\src\main\java\name\orionis\cms\extensions\demo\model\Demo_Roo_Jpa_ActiveRecord.aj
E:\Github\OrionisCms\OrionisCMS\src\main\java\name\orionis\cms\extensions\demo\model\Demo_Roo_ToString.aj
E:\Github\OrionisCms\OrionisCMS\src\main\java\name\orionis\cms\extensions\demo\service\DemoServiceImpl_Roo_Service.aj
E:\Github\OrionisCms\OrionisCMS\src\main\java\name\orionis\cms\extensions\demo\model\Demo_Roo_Jpa_Entity.aj
E:\Github\OrionisCms\OrionisCMS\src\main\java\name\orionis\cms\service\kaptcha\KaptchaController.java
E:\Github\OrionisCms\OrionisCMS\src\main\java\name\orionis\cms\site\servlet\CmsDispatcherServlet.java
E:\Github\OrionisCms\OrionisCMS\src\main\java\name\orionis\cms\service\kaptcha\RippleDistortion.java
E:\Github\OrionisCms\OrionisCMS\src\main\java\name\orionis\cms\extensions\demo\model\Demo_Roo_Configurable.aj
E:\Github\OrionisCms\OrionisCMS\src\main\java\name\orionis\cms\extensions\demo\service\DemoService_Roo_Service.aj
E:\Github\OrionisCms\OrionisCMS\src\main\java\name\orionis\cms\extensions\demo\model\Demo.java
